<?xml version="1.0" encoding="UTF-8"?>
<!-- Generated by org.testng.reporters.JUnitReportReporter -->
<testsuite skipped="0" hostname="lackon" name="com.irawan.wijanarko.test.SignUpTest" tests="1" failures="0" timestamp="24 Mar 2017 14:40:25 GMT" time="6.663" errors="0">
  <testcase name="testSignUp" time="6.663" classname="com.irawan.wijanarko.test.SignUpTest"/>
</testsuite> <!-- com.irawan.wijanarko.test.SignUpTest -->
