<?xml version="1.0" encoding="UTF-8"?>
<!-- Generated by org.testng.reporters.JUnitReportReporter -->
<testsuite skipped="0" hostname="lackon" name="com.irawan.wijanarko.test.ForgotTest" tests="1" failures="0" timestamp="24 Mar 2017 14:39:23 GMT" time="5.100" errors="0">
  <testcase name="testForgot" time="5.100" classname="com.irawan.wijanarko.test.ForgotTest"/>
</testsuite> <!-- com.irawan.wijanarko.test.ForgotTest -->
