<?xml version="1.0" encoding="UTF-8"?>
<!-- Generated by org.testng.reporters.JUnitReportReporter -->
<testsuite skipped="0" hostname="lackon" name="com.irawan.wijanarko.test.LoginTest" tests="1" failures="0" timestamp="24 Mar 2017 14:38:12 GMT" time="8.591" errors="0">
  <testcase name="testLoginNg" time="8.591" classname="com.irawan.wijanarko.test.LoginTest"/>
</testsuite> <!-- com.irawan.wijanarko.test.LoginTest -->
